-------------------------------------------------------------------------------
Test set: com.theocho.youflix.YouflixApplicationTests
-------------------------------------------------------------------------------
Tests run: 1, Failures: 0, Errors: 1, Skipped: 0, Time elapsed: 0.706 s <<< FAILURE! - in com.theocho.youflix.YouflixApplicationTests
com.theocho.youflix.YouflixApplicationTests  Time elapsed: 0.704 s  <<< ERROR!
java.lang.IllegalStateException: Unable to find a @SpringBootConfiguration, you need to use @ContextConfiguration or @SpringBootTest(classes=...) with your test

