<?xml version="1.0" encoding="UTF-8"?>
<testsuite xmlns:xsi="http://www.w3.org/2001/XMLSchema-instance" xsi:noNamespaceSchemaLocation="https://maven.apache.org/surefire/maven-surefire-plugin/xsd/surefire-test-report.xsd" name="com.theocho.youflix.YouflixApplicationTests" time="0.706" tests="1" errors="1" skipped="0" failures="0">
  <properties>
[...]
</properties>
  <testcase name="com.theocho.youflix.YouflixApplicationTests" classname="com.theocho.youflix.YouflixApplicationTests" time="0.704">
    <error message="Unable to find a @SpringBootConfiguration, you need to use @ContextConfiguration or @SpringBootTest(classes=...) with your test" type="java.lang.IllegalStateException">java.lang.IllegalStateException: Unable to find a @SpringBootConfiguration, you need to use @ContextConfiguration or @SpringBootTest(classes=...) with your test
</error>
    <system-out><![CDATA[20:47:25.074 [main] DEBUG org.springframework.test.context.BootstrapUtils - Instantiating CacheAwareContextLoaderDelegate from class [org.springframework.test.context.cache.DefaultCacheAwareContextLoaderDelegate]
20:47:25.122 [main] DEBUG org.springframework.test.context.BootstrapUtils - Instantiating BootstrapContext using constructor [public org.springframework.test.context.support.DefaultBootstrapContext(java.lang.Class,org.springframework.test.context.CacheAwareContextLoaderDelegate)]
20:47:25.185 [main] DEBUG org.springframework.test.context.BootstrapUtils - Instantiating TestContextBootstrapper for test class [com.theocho.youflix.YouflixApplicationTests] from class [org.springframework.boot.test.context.SpringBootTestContextBootstrapper]
20:47:25.226 [main] INFO org.springframework.boot.test.context.SpringBootTestContextBootstrapper - Neither @ContextConfiguration nor @ContextHierarchy found for test class [com.theocho.youflix.YouflixApplicationTests], using SpringBootContextLoader
20:47:25.234 [main] DEBUG org.springframework.test.context.support.AbstractContextLoader - Did not detect default resource location for test class [com.theocho.youflix.YouflixApplicationTests]: class path resource [com/theocho/youflix/YouflixApplicationTests-context.xml] does not exist
20:47:25.237 [main] DEBUG org.springframework.test.context.support.AbstractContextLoader - Did not detect default resource location for test class [com.theocho.youflix.YouflixApplicationTests]: class path resource [com/theocho/youflix/YouflixApplicationTestsContext.groovy] does not exist
20:47:25.241 [main] INFO org.springframework.test.context.support.AbstractContextLoader - Could not detect default resource locations for test class [com.theocho.youflix.YouflixApplicationTests]: no resource found for suffixes {-context.xml, Context.groovy}.
20:47:25.245 [main] INFO org.springframework.test.context.support.AnnotationConfigContextLoaderUtils - Could not detect default configuration classes for test class [com.theocho.youflix.YouflixApplicationTests]: YouflixApplicationTests does not declare any static, non-private, non-final, nested classes annotated with @Configuration.
20:47:25.338 [main] DEBUG org.springframework.test.context.support.ActiveProfilesUtils - Could not find an 'annotation declaring class' for annotation type [org.springframework.test.context.ActiveProfiles] and class [com.theocho.youflix.YouflixApplicationTests]
20:47:25.432 [main] DEBUG org.springframework.test.context.BootstrapUtils - Instantiating CacheAwareContextLoaderDelegate from class [org.springframework.test.context.cache.DefaultCacheAwareContextLoaderDelegate]
20:47:25.432 [main] DEBUG org.springframework.test.context.BootstrapUtils - Instantiating BootstrapContext using constructor [public org.springframework.test.context.support.DefaultBootstrapContext(java.lang.Class,org.springframework.test.context.CacheAwareContextLoaderDelegate)]
20:47:25.434 [main] DEBUG org.springframework.test.context.BootstrapUtils - Instantiating TestContextBootstrapper for test class [com.theocho.youflix.YouflixApplicationTests] from class [org.springframework.boot.test.context.SpringBootTestContextBootstrapper]
20:47:25.436 [main] INFO org.springframework.boot.test.context.SpringBootTestContextBootstrapper - Neither @ContextConfiguration nor @ContextHierarchy found for test class [com.theocho.youflix.YouflixApplicationTests], using SpringBootContextLoader
20:47:25.437 [main] DEBUG org.springframework.test.context.support.AbstractContextLoader - Did not detect default resource location for test class [com.theocho.youflix.YouflixApplicationTests]: class path resource [com/theocho/youflix/YouflixApplicationTests-context.xml] does not exist
20:47:25.440 [main] DEBUG org.springframework.test.context.support.AbstractContextLoader - Did not detect default resource location for test class [com.theocho.youflix.YouflixApplicationTests]: class path resource [com/theocho/youflix/YouflixApplicationTestsContext.groovy] does not exist
20:47:25.442 [main] INFO org.springframework.test.context.support.AbstractContextLoader - Could not detect default resource locations for test class [com.theocho.youflix.YouflixApplicationTests]: no resource found for suffixes {-context.xml, Context.groovy}.
20:47:25.445 [main] INFO org.springframework.test.context.support.AnnotationConfigContextLoaderUtils - Could not detect default configuration classes for test class [com.theocho.youflix.YouflixApplicationTests]: YouflixApplicationTests does not declare any static, non-private, non-final, nested classes annotated with @Configuration.
20:47:25.459 [main] DEBUG org.springframework.test.context.support.ActiveProfilesUtils - Could not find an 'annotation declaring class' for annotation type [org.springframework.test.context.ActiveProfiles] and class [com.theocho.youflix.YouflixApplicationTests]
20:47:25.487 [main] DEBUG org.springframework.test.context.BootstrapUtils - Instantiating CacheAwareContextLoaderDelegate from class [org.springframework.test.context.cache.DefaultCacheAwareContextLoaderDelegate]
20:47:25.488 [main] DEBUG org.springframework.test.context.BootstrapUtils - Instantiating BootstrapContext using constructor [public org.springframework.test.context.support.DefaultBootstrapContext(java.lang.Class,org.springframework.test.context.CacheAwareContextLoaderDelegate)]
20:47:25.491 [main] DEBUG org.springframework.test.context.BootstrapUtils - Instantiating TestContextBootstrapper for test class [com.theocho.youflix.YouflixApplicationTests] from class [org.springframework.boot.test.context.SpringBootTestContextBootstrapper]
20:47:25.496 [main] INFO org.springframework.boot.test.context.SpringBootTestContextBootstrapper - Neither @ContextConfiguration nor @ContextHierarchy found for test class [com.theocho.youflix.YouflixApplicationTests], using SpringBootContextLoader
20:47:25.499 [main] DEBUG org.springframework.test.context.support.AbstractContextLoader - Did not detect default resource location for test class [com.theocho.youflix.YouflixApplicationTests]: class path resource [com/theocho/youflix/YouflixApplicationTests-context.xml] does not exist
20:47:25.502 [main] DEBUG org.springframework.test.context.support.AbstractContextLoader - Did not detect default resource location for test class [com.theocho.youflix.YouflixApplicationTests]: class path resource [com/theocho/youflix/YouflixApplicationTestsContext.groovy] does not exist
20:47:25.502 [main] INFO org.springframework.test.context.support.AbstractContextLoader - Could not detect default resource locations for test class [com.theocho.youflix.YouflixApplicationTests]: no resource found for suffixes {-context.xml, Context.groovy}.
20:47:25.506 [main] INFO org.springframework.test.context.support.AnnotationConfigContextLoaderUtils - Could not detect default configuration classes for test class [com.theocho.youflix.YouflixApplicationTests]: YouflixApplicationTests does not declare any static, non-private, non-final, nested classes annotated with @Configuration.
20:47:25.524 [main] DEBUG org.springframework.test.context.support.ActiveProfilesUtils - Could not find an 'annotation declaring class' for annotation type [org.springframework.test.context.ActiveProfiles] and class [com.theocho.youflix.YouflixApplicationTests]
]]></system-out>
  </testcase>
</testsuite>